<?xml version="1.0" encoding="UTF-8"?>
<!-- Generated by org.testng.reporters.JUnitXMLReporter -->
<testsuite ignored="0" hostname="DESKTOP-R121G7Q" failures="1" tests="2" name="Test" time="21.366" errors="0" timestamp="2023-07-20T14:16:04 IST">
  <testcase classname="testCase.TC_001_AccountRegistrationTest" name="test_account_Registration" time="7.865">
    <failure type="java.lang.AssertionError" message="null">
      <![CDATA[java.lang.AssertionError: null
at testCase.TC_001_AccountRegistrationTest.test_account_Registration(TC_001_AccountRegistrationTest.java:42)
at java.base/java.util.ArrayList.forEach(ArrayList.java:1511)
... Removed 31 stack frames]]>
    </failure>
  </testcase> <!-- test_account_Registration -->
  <testcase classname="testCase.TC_002_LoginTest" name="test_Login" time="2.021"/>
</testsuite> <!-- Test -->
